skipping Musée d'Orsay artist ID
skipping ISOCAT id
skipping Politifact Personality ID
skipping Fashion Model Directory model ID
skipping mix'n'match catalogue ID
skipping OKP ID of the good or service
skipping Catholic Encyclopedia ID
skipping CONA ID
skipping Chess Club ID
skipping TGN ID
skipping Cycling Database ID
skipping Chess Games ID
skipping ProCyclingStats ID (cyclist)
skipping The Numbers movie ID
skipping YerelNET district ID
skipping TV Guide show ID
skipping Tax-exempt heritage asset ID
skipping Mapa place ID
skipping S2A3 Biographical Database ID
skipping Safsal coach ID
skipping INEGI municipality ID
skipping Launchpad.net project ID
skipping Cycling Archives ID (cyclist)
skipping BARTOC ID
skipping Box Office Mojo person ID
skipping Foundational Model of Anatomy ID
skipping FCC Facility ID
skipping MusicBrainz series ID
skipping Maltese Islands National Inventory of Cultural Property ID
skipping Transfermarkt manager ID
skipping Transfermarkt footballer ID
skipping Turkish Football Federation coach  ID
skipping Turkish Football Federation player ID
skipping bureau du patrimoine de Seine-Saint-Denis ID
skipping Smithsonian American Art Museum: person/institution thesaurus id
skipping Smithsonian volcano ID
skipping vice-county
skipping Web Gallery of Art ID
skipping Declarator.org ID
skipping Artsy artist ID
skipping National Gallery of Victoria artist ID
skipping CITES Species+ ID
skipping Theatricalia play ID
skipping KulturNav-id
skipping LibraryThing work ID
skipping University of Barcelona authority ID
skipping Catalan object of cultural interest ID
skipping Perlentaucher ID
skipping ACM Digital Library author ID
skipping InPhO ID
skipping PremiershipRugby.com ID
skipping Freebase ID
skipping of
skipping Léonore ID
skipping Open Library ID
skipping JSTOR article ID
skipping PACE member ID
skipping COSPAR ID
skipping LCAuth ID
skipping ULAN ID
skipping Internet Broadway Database production ID
skipping ZNIEFF ID
skipping FilmPolski.pl ID
skipping Estonian Football Association player ID
skipping DZFoot.com player ID
skipping SummitPost mountain ID
skipping lib.reviews ID
skipping BDFutbol player ID
skipping Chess.com player ID
skipping KINENOTE person ID
skipping Cross-tables.com Scrabble player ID
skipping American Hockey League player ID
skipping Open Media Database film ID
skipping ARRS runner ID
skipping Kontinental Hockey League player ID
skipping miRBase pre-miRNA ID
skipping miRBase mature miRNA ID
skipping SureChEMBL ID
skipping PubChem BioAssay ID (AID)
skipping Library of the National Congress of Argentina ID
skipping World Archery ID
skipping Rolling Stone artist ID
skipping French national research structure identifier
skipping Air Ministry specification ID
skipping Catholic Hierarchy diocese ID
skipping KANTL member ID
skipping Angel List ID
skipping Actorenregister ID
skipping Zeri image ID
skipping SANU member ID
skipping Nihon Tarento Meikan ID
skipping PSA Worldtour ID
skipping wikiskripta id
skipping Woodland Trust wood ID
skipping VICNAMES Place ID
skipping Omni topic ID
skipping Songkick artist ID
skipping YouTube video ID
skipping BBF ID
skipping CulturaItalia ID
skipping UEFA player ID
skipping Emporis building complex ID
skipping Hederich encyclopedia article ID
skipping Heidelberg Academy for Sciences and Humanities member ID
skipping Member of the Hellenic Parliament ID
skipping CricketArchive player ID
skipping FIG gymnast ID
skipping ESPNcricinfo player ID
skipping HURDAT identifier
skipping Mackolik.com footballer ID
skipping IBU biathlete ID
skipping KNAW past member ID
skipping Species Profile and Threats Database ID
skipping DBLP pID
skipping Australian National Shipwreck ID
skipping Encyclopædia Britannica contributor ID
skipping RefSeq Protein ID
skipping conifers.org ID
skipping HMDB ID
skipping Serbia municipality ID
skipping Canadian Register of Historic Places ID
skipping Bloomberg person ID
skipping USCG Lighthouse ID
skipping Basketball-Reference.com NBA player ID
skipping b-side
skipping OpenPlaques subject ID
skipping Norsk filmografi ID
skipping Jewish Encyclopedia ID (Russian)
skipping RKDartists ID
skipping zbMATH ID
skipping Social Science Research Network ID
skipping RfC ID
skipping Italian Chamber of Deputies ID
skipping blue-style.com ID
skipping Parks & Gardens UK Record ID
skipping Europeana Fashion creator ID
skipping VGMdb album ID
skipping Patrimonio Inmueble de Andalucía ID
skipping IDEAS person ID
skipping Basketball Hall of Fame ID
skipping NBA player ID
skipping FFR player ID
skipping All Blacks player ID
skipping chesstempo ID
skipping ICCF ID
skipping databaseFootball.com ID
skipping Wi-Fi
skipping Google+ ID
skipping RAN ID
skipping Benezit ID
skipping Galiciana work ID
skipping Marine Regions Geographic ID
skipping Cadw Monument ID
skipping Untappd brewery ID
skipping zanikleobce.cz abandoned objects ID
skipping Australian Heritage Database Place ID
skipping Conservatoire du littoral ID
skipping family name identical to this given name
skipping MySpace ID
skipping LocFDD ID
skipping Flickr user ID
skipping Fotografen.nl ID
skipping Israeli CBS municipal ID
skipping FAMA work ID
skipping colonel-in-chief
skipping IBSF ID
skipping FIL ID
skipping National Inventors Hall of Fame ID
skipping WTA tennis tournament ID
skipping Scope.dk person ID
skipping Scope.dk film ID
skipping Jamendo artist ID
skipping Australian Ramsar site ID
skipping MSK Gent work PID
skipping National Discography of Italian Song ID
skipping Jamendo album ID
skipping spin-off
skipping Stanford Encyclopedia of Philosophy ID
skipping Social Networks and Archival Context ID
skipping NILF author id
skipping C-SPAN person ID
skipping Soccerbase player ID
skipping endangeredlanguages.com ID
skipping Soccerbase manager ID
skipping PSS-Archi architect id
skipping VGMdb artist ID
skipping ALCUIN ID
skipping Spotify album ID
skipping Spotify track ID
skipping Discogs release ID
skipping AELG ID
skipping TED speaker ID
skipping RePEc Short-ID
skipping FIE ID
skipping Berlin cultural heritage ID
skipping GRID ID
skipping Xeno-canto species ID
skipping EgliseInfo ID
skipping NIST/CODATA ID
skipping subproperty of
skipping Dictionary of Welsh Biography ID
skipping KMDb person ID
skipping OpenStreetMap Relation identifier
skipping NLA (Australia) ID
skipping UNZ journal identifier
skipping UNZ author identifier
skipping Biographical Directory of Federal Judges ID
skipping Projeto Excelências ID
skipping ISSF ID
skipping Persée journal ID
skipping Persée author ID
skipping Sandrart.net person ID
skipping Lost Art-ID
skipping matches/games drawn/tied
skipping ISIL ID
skipping as
skipping Anime News Network manga ID
skipping GND ID
skipping e-archiv.li ID
skipping Swedish Film Database film ID
skipping BoardGameGeek ID
skipping Musopen composer ID
skipping SA Rugby player ID
skipping film-documentaire.fr film ID
skipping International Orienteering Federation athlete ID
skipping USA Gymnastics athlete ID
skipping Tennis Archives player ID
skipping Wereld van Oranje player ID
skipping Hans Christian Andersen Centre work ID
skipping Mutopia composer ID
skipping EPSG ID
skipping State Catalogue of Geographical Names (Russia) ID
skipping denkXweb identifier
skipping KLOV ID
skipping Surfline ID
skipping SunshineTour ID
skipping UltraSignup runner ID
skipping ITRA runner ID
skipping Common Vulnerabilities and Exposures ID
skipping CricketArchive playing ground ID
skipping GCD series ID
skipping WNBA player ID
skipping VAT-rate
skipping WWE.com superstar ID
skipping Storting person ID
skipping Grace's Guide ID
skipping Cineplex film ID
skipping Open Beauty Facts category ID
skipping Lake ID (Sweden)
skipping Mathematical Reviews ID
skipping Structurae person ID
skipping KNApSAcK ID
skipping student register of the University of Helsinki ID (1640–1852)
skipping Belgian Senate person ID
skipping Flemish Parliament person ID
skipping DRÚSOP ID
skipping DocCheck Flexikon En ID
skipping BALaT image ID
skipping DocCheck Flexikon De ID
skipping Peakbagger mountain ID
skipping ATP tennis tournament ID
skipping CircleID
skipping Tela Botanica ID
skipping Gares & Connexions ID
skipping LdiF ID
skipping Guardian topic ID
skipping FloraBase ID
skipping Flora of Australia ID
skipping Plantarium ID
skipping KINENOTE film ID
skipping Movie Walker ID
skipping Genealogical Gazetteer (GOV) ID
skipping Finnish Ministers database ID
skipping Kansallisbiografia ID
skipping Finnish MP ID
skipping Wiki Loves Monuments ID
skipping BiblioNet publication ID
skipping DLI ID
skipping BiblioNet author ID
skipping BiblioNet publisher ID
skipping Parlement & Politiek ID
skipping NCI Thesaurus ID
skipping VASCAN ID
skipping Flora of China ID
skipping GTAA ID
skipping J. Paul Getty Museum artist id
skipping Thyssen-Bornemisza artist ID
skipping Panarctic Flora ID
skipping PORT person ID
skipping Pro Football Hall of Fame ID
skipping Anime News Network anime ID
skipping Anime News Network company ID
skipping Anime News Network person ID
skipping PolSys ID
skipping Encyclopaedia Metallum artist ID
skipping Delarge ID
skipping Royal Aero Club Aviator's Certificate ID
skipping MacTutor id (biographies)
skipping AllMovie movie ID
skipping At the Circulating Library ID
skipping GeoNames ID
skipping UIPM ID
skipping United World Wrestling ID
skipping Deezer track ID
skipping GOG application ID
skipping Deezer artist ID
skipping Deezer album ID
skipping Encyclopaedia Metallum release ID
skipping CageMatch worker ID
skipping Badminton World Federation ID
skipping Dharma Drum Buddhist College place ID
skipping Dharma Drum Buddhist College person ID
skipping MEP directory ID
skipping Rodovid ID
skipping Gewässerkennzahl
skipping Art UK artist ID
skipping ITTF ID
skipping Theaterlexikon der Schweiz online ID
skipping LNB ID
skipping USB ID
skipping page(s)
skipping BoxRec ID
skipping UNESCO endangered language ID
skipping History of Parliament ID
skipping College Football HoF ID
skipping FIFA player ID
skipping LEM ID
skipping TheFinalBall player ID
skipping Futsal Planet player ID
skipping L'Équipe football player ID
skipping EPCR player ID
skipping International Weightlifting Federation ID
skipping FootballFacts.ru player ID
skipping ForaDeJogo manager ID
skipping Football Federation of Ukraine player ID
skipping Fotbal DNES player ID
skipping Sambafoot player ID
skipping Swimming Australia swimmer ID
skipping AFI Catalog of Feature Films ID
skipping Relations Ontology ID
skipping World Checklist of Selected Plant Families ID
skipping Danish ancient monument ID
skipping Araneae Spider ID
skipping BLF article ID
skipping Hockey-reference player ID
skipping ButMoth ID
skipping LepIndex ID
skipping RERO ID
skipping ERIH PLUS ID
skipping World Spider Catalog ID
skipping Cellosaurus ID
skipping Squash Info ID
skipping Yahoo! Japan Talent Database ID
skipping MSC ID
skipping Bandcamp artist ID
skipping BanQ author ID
skipping French National Assembly Lobbyist ID
skipping NSW Heritage database ID
skipping OpenDomesday settlement ID
skipping ISzDb dub ID
skipping Cinema of Israel ID
skipping FIDAL ID
skipping ISzDb company ID
skipping DistroWatch ID
skipping FEI ID
skipping Nationalmuseum Sweden artwork ID
skipping Nationalmuseum Sweden artist ID
skipping WomenWriters ID
skipping Box Office Mojo studio ID
skipping Box Office Mojo franchise ID
skipping Sandbox-External identifier
skipping HKMDb film ID
skipping NIOSHTIC-2 ID
skipping Shakeosphere person ID
skipping FamilySearch ID
skipping PubChem Substance ID (SID)
skipping JMDb film ID
skipping Aviation Safety Network accident ID
skipping Cell line ontology ID
skipping CiNii article ID
skipping Art UK collection ID
skipping Library of Congress JukeBox ID
skipping CrunchBase organisation ID
skipping AllMusic composition ID
skipping MarineTraffic Port ID
skipping Facebook Places ID
skipping Leadscope ID
skipping BLDAM object ID
skipping CrunchBase person ID
skipping CDD Public ID
skipping Nikkaji
skipping Yelp ID
skipping FishBase species ID
skipping BBC Genome ID
skipping Gregory-Aland-Number
skipping PMCID
skipping Taekwondo Data ID
skipping DSBE ID
skipping IHSI ID
skipping ASI Monument ID
skipping NSK ID
skipping ChEBI ID
skipping Gene Ontology ID
skipping BHL Page ID
skipping NCBI Taxonomy ID
skipping Geokod
skipping dmoz ID
skipping Munzinger Pop ID
skipping CONOR ID
skipping WOEID
skipping World Heritage Site ID
skipping Kulturminne ID
skipping Alberta Register of Historic Places ID
skipping Ontario MPP ID
skipping National Portrait Gallery (London) person ID
skipping Naturvårdsregistret ID
skipping Le Monde diplomatique subject ID
skipping Vision of Britain unit ID
skipping DigDag ID
skipping Vision of Britain place ID
skipping ski-db.com skier ID
skipping Architectuurgids building ID
skipping Architectuurgids architect ID
skipping CEV player ID
skipping Turner Classic Movies person ID
skipping NAQ elected person ID
skipping Eu-football.info player ID
skipping K League player ID
skipping GPnotebook ID
skipping Kindred Britain ID
skipping FACR player ID
skipping SMDB ID
skipping Low German Bibliography and Biography ID
skipping Galiciana Author ID
skipping cine.gr film ID
skipping CiNetMag film ID
skipping iTunes artist ID
skipping Publons Publication ID
skipping OpenDomesday person ID
skipping Epguides ID
skipping TOID
skipping Latindex ID
skipping Croatian Football Statistics ID
skipping Polish scientist ID
skipping NGS pumping station ID
skipping ARLHS Lighthouse ID
skipping Dictionary of Canadian Biography ID
skipping Theoi Project ID
skipping Te Papa artist ID
skipping AFL Tables ID
skipping Australianfootball.com ID
skipping MLB ID
skipping FIBA player ID
skipping Eldoblaje Movie ID
skipping WikiPathways ID
skipping Fashion Model Directory designer ID
skipping Fashion Model Directory magazine ID
skipping National Pipe Organ Register ID
skipping Watson & Dallwitz family ID
skipping Flemish organization for Immovable Heritage relict ID
skipping stedsnummer
skipping co-driver
skipping Power of 10 athlete ID
skipping FISA rower ID
skipping Bildindex der Kunst und Architektur ID
skipping substitute/deputy/replacement of office/officeholder
skipping BC Geographical Names ID
skipping Ramsar Sites Information Service ID
skipping National Historic Sites of Canada ID
skipping MovieMeter director ID
skipping Foursquare venue ID
skipping BBC Things ID
skipping CLARA-ID
skipping CTHS society ID
skipping Google Scholar ID
skipping MusicBrainz work ID
skipping MusicBrainz artist ID
skipping MusicBrainz release group ID
skipping Cycling Quotient ID (women races)
skipping Cycling Quotient ID (cyclist, woman)
skipping EIDR identifier
skipping Karate Records ID
skipping BFI work ID
skipping Enciclopédia Açoriana ID
skipping bridgehunter.com ID
skipping uglybridges.com ID
skipping political ideology
skipping EHAK id
skipping IAAF ID
skipping RSL scanned book's identifier
skipping Cycling Quotient ID (cyclist, man)
skipping genealogics.org person ID
skipping Kaiserhof ID
skipping edition(s)
skipping ISBN-13
skipping VIAF ID
skipping China Vitae ID
skipping Neurolex ID
skipping NKCR AUT ID
skipping Disease Ontology ID
skipping PubMed ID
skipping Findsmiley ID
skipping Wilderness.net ID
skipping iNaturalist taxon ID
skipping The Vogue List ID
skipping Saccharomyces Genome Database ID
skipping Runeberg book ID
skipping Spenserians person ID
skipping SNAP ID
skipping UGentMemorialis ID
skipping Six Degrees of Francis Bacon ID
skipping Minneapolis Institute of Art Constituent ID
skipping protected heritage site in Brussels ID
skipping MarineTraffic Lighthouse ID
skipping BOLD Systems taxon ID
skipping Booking.com hotel ID
skipping ITU triathlete ID
skipping 90minut player ID
skipping Recreation.gov area ID
skipping ATVK ID
skipping Association Authors of Switzerland ID
skipping CGNDB Unique ID
skipping Enciclopedia de la Literatura en México ID
skipping Gran Enciclopèdia Catalana ID
skipping racing-reference driver ID
skipping Scottish Football Association player ID
skipping Eurovision Song Contest song ID
skipping CageMatch wrestling stable id
skipping Ghetto Encyclopedia ID
skipping MOOMA artist ID
skipping ForaDeJogo player ID
skipping Serbia cadastral municipality ID
skipping United States Reports ID
skipping TripAdvisor ID
skipping elCinema film ID
skipping elCinema person ID
skipping NSW Flora ID
skipping Redalyc journal ID
skipping NSZL name authority ID
skipping NAIF ID
skipping OFDb ID
skipping Nomisma ID
skipping Estonian Research Portal person ID
skipping Electronic Enlightenment ID
skipping Calflora ID
skipping Belvedere artist ID
skipping ArbetSam ID
skipping as.com athlete ID
skipping Natura 2000 site ID
skipping YouTube channel ID
skipping OKPO ID
skipping Ballotpedia ID
skipping British Council artist ID
skipping MLS player ID
skipping World Curling Tour ID
skipping World Curling Federation ID
skipping World Series of Poker ID
skipping World Guide to Covered Bridges ID
skipping Zhihu topic ID
skipping Australian Register of Therapeutic Goods ID
skipping USCF ID
skipping BBC News Democracy Live ID
skipping Parliamentary record identifier
skipping They Work for You ID
skipping Hansard (2006–March 2016) ID
skipping MoMA artist id
skipping Righteous Among The Nations ID
skipping INEGI locality ID
skipping Les Archives du Spectacle ID
skipping Art UK venue ID
skipping Open Hub ID
skipping MovieMeter Movie ID
skipping Dialnet author ID
skipping IAT weightlifter ID
skipping IAT triathlete ID
skipping D-U-N-S
skipping FIS cross-country skier ID
skipping FIS alpine skier ID
skipping FIS ski jumper ID
skipping FIS freestyle skier ID
skipping FIS snowboarder ID
skipping FIS Nordic combined skier ID
skipping Integrated Postsecondary Education Data System ID
skipping USDA PLANTS ID
skipping Entrez Gene ID
skipping UniProt ID
skipping HGNC ID
skipping Rijksmonument ID
skipping National Cancer Institute ID
skipping ComicBookDB ID
skipping Index Fungorum ID
skipping ČSFD person ID
skipping Kinopoisk person ID
skipping BookBrainz creator ID
skipping PlayStation ID
skipping Eurohockey.com player ID
skipping Geni.com profile ID
skipping GNIS ID
skipping Scopus EID
skipping Scopus Affiliation ID
skipping Scopus Source ID
skipping US Congress Bio ID
skipping ITF ID
skipping Exceptional heritage of Wallonia ID
skipping DNF film ID
skipping Yandex.Music artist ID
skipping EMLO person ID
skipping Masaryk University person ID
skipping senat.fr ID
skipping PSH ID
skipping sandbox-quantity
skipping KEPN ID
skipping Oorlogsmonument ID
skipping PDB ligand ID
skipping Peakbagger area ID
skipping The Met object ID
skipping British Museum place ID
skipping British Museum thesaurus ID
skipping Babelio work ID
skipping Babelio author ID
skipping PhDTree person ID
skipping JMDb person or company ID
skipping Catalogue of Illuminated Manuscripts ID
skipping NHF player ID
skipping Gridabase glacier ID
skipping RITVA Person ID
skipping RITVA Program ID
skipping KMDb film ID
skipping ISBN identifier group
skipping Internet Bird Collection species ID
skipping Quora topic ID
skipping SourehCinema person ID
skipping elFilm film ID
skipping EDb person ID
skipping Leopoldina member ID
skipping Canadian Environmental Sustainability Indicators ID (Protected areas)
skipping Estonian cultural monument ID
skipping CiNetMag person ID
skipping BacDive ID
skipping Plarr ID
skipping British Book Trade Index ID
skipping Dailymotion channel ID
skipping Munk's Roll ID
skipping French Sculpture Census work ID
skipping Japan Sumo Association ID
skipping GeneDB ID
skipping File Format Wiki page ID
skipping FAO 2007 genetic resource ID
skipping Royal Swedish Academy of Letters member ID
skipping LittleSis people ID
skipping French Sculpture Census artist ID
skipping Academic Tree ID
skipping Chemins de mémoire ID
skipping CTHS person ID
skipping French diocesan architects ID
skipping Elonet person ID
skipping Victorian Heritage Database ID
skipping NGA Lighthouse ID
skipping pro-football-reference ID
skipping College Football Data Warehouse ID
skipping Legends of Hockey ID
skipping Just Sports Stats ID
skipping J.League player ID
skipping Global Poker Index ID
skipping Cultureel Woordenboek identifier
skipping OWGR ID
skipping SFDb person ID
skipping PublicWhip ID
skipping SIGIC author ID
skipping SIGIC group ID
skipping SIGIC institution ID
skipping Deutsche Ultramarathon-Vereinigung ID
skipping FAST-ID
skipping student register of the University of Helsinki ID (1853–1899)
skipping SoundCloud ID
skipping BerlPap identifier
skipping Italian Senate of the Republic ID
skipping Mapillary ID
skipping Scoresway soccer person id
skipping German cattle breed ID
skipping BIBSYS ID
skipping AAT ID
skipping BAV ID
skipping Iran statistics ID
skipping HanCinema person ID
skipping BNE journal ID
skipping Skyscraper Center building complex ID
skipping Danish protected area ID
skipping NUTTAB food ID
skipping JudoInside.com ID
skipping Wrestlingdata person ID
skipping Worldfootball.net ID
skipping SIPA ID
skipping IGESPAR ID
skipping DAAO ID
skipping LfDS object ID
skipping ISU figure skater ID
skipping Joconde ID
skipping IMDb ID
skipping NDLAuth ID
skipping Swedish Football Association ID
skipping TED topic ID
skipping TED talk ID
skipping IPNI author ID
skipping SHOWA ID
skipping Hungarian company ID
skipping PORT film ID
skipping GrassBase ID
skipping allgame ID
skipping Gaoloumi ID
skipping HDS ID
skipping US Federal Election Commission ID
skipping PSS-archi ID
skipping Nova Scotia Register of Historic Places ID
skipping ISFDB series ID
skipping ISFDB publication ID
skipping Box Office Mojo film ID
skipping ISFDB author ID
skipping OKTMO ID
skipping ISFDB publisher ID
skipping DPLA ID
skipping PEI Register of Historic Places ID
skipping Czech cultural heritage ID
skipping British History Online VCH ID
skipping Bwfbadminton.com player ID
skipping Darts Database player ID
skipping rusbandy player ID
skipping BadmintonLink player ID
skipping CWE ID
skipping Australian Antarctic Gazetteer ID
skipping Historical Gazetteer of England's Place Names ID
skipping autores.uy database id
skipping Recreation.gov facility ID
skipping NISH Hall of Fame ID
skipping MEROPS enzyme ID
skipping Jewish Encyclopedia Daat ID
skipping Vanderkrogt.net Statues ID
skipping NCMEC person ID
skipping Catalogue of Life in Taiwan ID
skipping Flags of the World ID
skipping Cultural heritage database in Austria ObjektID
skipping SIMBAD ID
skipping CORDIS Project ID
skipping Crossref funder ID
skipping Nederlands Soortenregister ID
skipping Runeberg author ID
skipping Klosterdatenbank ID
skipping FINA athlete ID
skipping Catalogus Professorum Lipsiensis ID
skipping GCatholic church ID
skipping Kinopolis film ID
skipping LBT person ID
skipping Verkhovna Rada MP ID
skipping Surman ID
skipping LittleSis organisation ID
skipping Finnish Lake ID
skipping French Catholic Church structure ID
skipping Guide of the French Church person ID
skipping Butterflies and Moths of North America ID
skipping JTWC tropical cyclone ID
skipping danskefilm person ID
skipping Genius artist ID
skipping ODIS ID
skipping mirTarBase ID
skipping Site of Special Scientific Interest (England) ID
skipping Sina Weibo ID
skipping Fangraphs ID
skipping Sandbox-TimeValue
skipping TLG author ID
skipping Croatian Football Federation player ID
skipping ESPN MLB player ID
skipping ESPNcricinfo playing ground ID
skipping European Handball Federation ID
skipping NDF-RT ID
skipping half-life
skipping iTunes album ID
skipping Austrian Parliament ID
skipping Groeningemuseum work PID
skipping CRIStin ID
skipping Discogs master ID
skipping Discogs label ID
skipping Encyclopaedia Metallum band ID
skipping Discogs artist ID
skipping Trismegistos Geo ID
skipping Dutch Senate person ID
skipping UCSC Genome Browser assembly ID
skipping National-Football-Teams.com player ID
skipping Find A Grave cemetery ID
skipping Colour Index International constitution ID
skipping Avibase ID
skipping New Zealand Organisms Register ID
skipping Roller Coaster Database ID
skipping Photographers' Identities Catalog ID
skipping National Thesaurus for Author Names ID
skipping MusicBrainz place ID
skipping PTBNP ID
skipping Dictionary of Ulster Biography ID
skipping NLR (Romania) ID
skipping AUSNUT food ID
skipping Latvian Olympic Committee athlete ID
skipping Québec cultural heritage directory people identifier
skipping kulturnoe-nasledie.ru ID
skipping vici.org ID
skipping Metacritic ID
skipping SANDRE ID
skipping Journalisted ID
skipping RKD/ESD (Slovenia) ID
skipping WDPA id
skipping GNIS Antarctica ID
skipping Sandbox-String
skipping MEK ID
skipping Companies House ID
skipping Kunstindeks Danmark Artist ID
skipping PASE ID
skipping MetroLyrics ID
skipping DGO4 identifier
skipping German tax authority ID
skipping Baseball-Reference.com major league player ID
skipping Baseball-Reference.com minor league player ID
skipping Open Food Facts food additive id
skipping Open Food Facts food category ID
skipping DSH object ID
skipping BAnQ ID
skipping Canmore ID
skipping (deprecated) NARA person ID
skipping Internet Broadway Database person ID
skipping Strunz 8th edition (series ID, updated)
skipping Drugbank ID
skipping JPL Small-Body Database ID
skipping FilmAffinity ID
skipping Palissy ID
skipping MeSH ID
skipping Sandbox-GeoCoordinateValue
skipping IUCN-ID
skipping SBN ID
skipping Swedish Olympic Committee athlete ID
skipping Iditarod musher ID
skipping MIMO instrument ID
skipping openMLOL author ID
skipping All-Athletics.com ID
skipping FFA ID
skipping European Athletics ID
skipping It's Rugby ID
skipping Medieval Libraries of Great Britain Book ID
skipping Openpolis ID
skipping LAC ID
skipping National Library of Wales ID
skipping Queensland Heritage Register ID
skipping BVPH ID
skipping Goodreads author ID
skipping QUDT unit ID
skipping Goodreads book ID
skipping Harasire ID
skipping Sporthorse data ID
skipping Allbreedpedigree ID
skipping Webpedigrees ID
skipping Horsetelex ID
skipping Rock Hall of Fame ID
skipping Minnesota legislator ID
skipping Prabook ID
skipping Enciclopedia Treccani ID
skipping GECD film ID
skipping GECD person ID
skipping PictoRight ID code
skipping Nobel Prize People Nomination ID
skipping Tennis HoF player ID
skipping Czech National Bibliography book ID
skipping Marburger Professorenkatalog ID
skipping TAXREF ID
skipping OpenCitations bibliographic resource ID
skipping Visual Novel Database ID
skipping Sandbox-Property
skipping Australian Stratigraphic Units Database ID
skipping Nobel prize ID
skipping internetmedicin.se ID
skipping Dagens Nyheter topic ID
skipping heritagefoundation.ca ID
skipping Ringgold identifier
skipping LombardiaBeniCulturali building ID
skipping BoardGameGeek designer ID
skipping Florentine Inventario Palatina art ID
skipping Bivouac.com mountain ID
skipping Luding designer ID
skipping Kunstindeks Danmark artwork ID
skipping Banque de noms de lieux du Québec id
skipping CWGC burial ground ID
skipping VIOLIN ID
skipping Vaccine Ontology ID
skipping Heritage Lighthouse of Canada ID
skipping Encyclopædia Universalis Online ID
skipping Auñamendi ID
skipping ECHA InfoCard ID
skipping Project Gutenberg ebook ID
skipping NASA biographical ID
skipping PRONOM file format identifier
skipping ResearchGate person ID
skipping J. Paul Getty Museum object ID
skipping Baltisches Biographisches Lexikon digital ID
skipping BabelNet id
skipping AllMusic album ID
skipping AllMusic artist ID
skipping Flora of North America taxon ID
skipping Florentine musea Inventario 1890  ID
skipping Sandbox-Item
skipping Sandbox-CommonsMediaFile
skipping arXiv ID
skipping Cadw Building ID
skipping TV.com ID
skipping Filmportal ID
skipping Esperantist ID
skipping Minkultury film ID
skipping ICD-O
skipping Turner Classic Movies film ID
skipping MycoBank taxon name ID
skipping IPNI plant ID
skipping Tropicos taxon name ID
skipping MusicBrainz label ID
skipping MalaCards ID
skipping Slovene Cultural Heritage Register ID
skipping Pleiades ID
skipping Atlas ID
skipping Historic Scotland ID
skipping Internet Broadway Database venue ID
skipping Internet Broadway Database show ID
skipping Ensembl Protein ID
skipping Ensembl Transcript ID
skipping rating certificate ID
skipping ICD-9
skipping OMIM ID
skipping CBDB ID
skipping ORCID iD
skipping ICD-10
skipping maritime identification digits
skipping legislation.gov.uk ID
skipping ISTAT ID
skipping Quebec cultural heritage directory ID
skipping ShorttrackOnLine speed skater ID
skipping RefSeq RNA ID
skipping PDB ID
skipping NCAA sports team ID
skipping Mérimée ID
skipping SpeedSkatingStats speed skater ID
skipping SpeedSkatingNews.info speed skater ID
skipping SRCFB player ID
skipping Vote Smart ID
skipping DNF person ID
skipping art-name
skipping PeakFinder ID
skipping ECARTICO person ID
skipping MSBI person ID
skipping COAM ID
skipping Zaragoza monument ID
skipping Cultural Heritage Armenia ID
skipping Olympic.org ID
skipping World Bridge Federation ID
skipping Statoids ID
skipping Patrimonio Web JCyL ID
skipping Merck Index reaction ID
skipping Model Manual ID
skipping Bloomberg private company ID
skipping GECD Firmen-ID
skipping Auckland Art Gallery artist ID
skipping Géopatronyme ID
skipping Observatoire du Patrimoine Religieux ID
skipping USGS earthquake id
skipping Federal Heritage Buildings ID (Canada)
skipping INA video ID
skipping Last.fm music ID
skipping IMIS person ID
skipping Speedskatingbase.eu ID
skipping JewishGen Locality ID
skipping Internet Wrestling Database ID
skipping Gazetteer of Planetary Nomenclature ID
skipping Megogo ID
skipping by-product
skipping Royal Belgian Football Association player ID
skipping by-product of
skipping Pfam ID
skipping peakware mountain ID
skipping VGMDb label ID
skipping National Park Foundation ID
skipping Geographical Names Board of New South Wales ID
skipping U.S. National Geodetic Survey ID
skipping NPCA ID
skipping MobyGames ID
skipping DSM-5
skipping NIOSH Pocket Guide ID
skipping Digital Atlas of the Roman Empire ID
skipping Animator.ru film ID
skipping Database of Classical Scholars ID
skipping Project Gutenberg author ID
skipping Dyntaxa ID
skipping data.gouv.fr ID
skipping Vine user ID
skipping Ciné-Ressources person ID
skipping Ciné-Ressources film ID
skipping Medical Dictionary for Regulatory Activities ID
skipping New General Catalogue ID
skipping Heritage Railway Station of Canada ID
skipping CPDL ID
skipping ZooBank publication ID
skipping ZooBank author ID
skipping NALT ID
skipping IPNI publication ID
skipping eBird taxon ID
skipping MusicBrainz instrument ID
skipping DSSTOX substance identifier
skipping ISzDb person ID
skipping WTA ID
skipping Ensembl Gene ID
skipping CiNii book ID
skipping Guide to Pharmacology Ligand ID
skipping ISzDb film ID
skipping AllMusic song ID
skipping Naturbase ID
skipping Steam Application ID
skipping Comedien.ch ID
skipping Information Center for Israeli Art artist ID
skipping Sports Reference ID
skipping OEIS ID
skipping Kinopoisk film ID
skipping FIDE ID
skipping Hockeydb.com player ID
skipping BBC programme ID
skipping Meteoritical Bulletin Database ID
skipping Cycling Quotient ID (races for men)
skipping Davis Cup player ID
skipping Swimrankings.net swimmer ID
skipping Fed Cup player ID
skipping Cambridge Alumni Database ID
skipping SSR WrittenForm ID
skipping MSW ID
skipping Global Anabaptist Mennonite Encyclopedia Online ID
skipping ISBN-10
skipping IBNR ID
skipping Scopus Author ID
skipping Nasjonalbiblioteket photographer ID
skipping HathiTrust ID
skipping NSZL ID
skipping BGS Lexicon ID
skipping DINOloket
skipping Litholex ID
skipping Wine AppDB-ID
skipping MedlinePlus ID
skipping Orphanet ID
skipping Great Aragonese Encyclopedia ID
skipping UBERON ID
skipping zbMATH author ID
skipping Google Maps CID
skipping Israel Football Association player ID
skipping SSRN author ID
skipping Wildflowers of Israel ID
skipping World Rugby Sevens Series ID
skipping ITU/ISO/IEC object identifier
skipping FIH player ID
skipping Mediaarts-DB ID
skipping World Glacier Inventory ID
skipping YSO ID
skipping CESAR person ID
skipping Molendatabase verdwenen molens ID
skipping Beer Advocate brewery ID
skipping RateBeer brewery ID
skipping SecondHandSongs song ID
skipping SecondHandSongs artist ID
skipping Transfermarkt referee ID
skipping Tennis Australia player ID
skipping National Library of Greece ID
skipping ISHOF swimmer ID
skipping IFSC climber ID
skipping Kvikmyndir person ID
skipping Kvikmyndir film ID
skipping PermID
skipping HKMDb person ID
skipping SRCBB player ID
skipping 365chess player ID
skipping Teuchos ID
skipping ICD-9-CM
skipping eurobasket.com ID
skipping wisdenindia.com ID
skipping acb.com ID
skipping Simple Modular Architecture Research Tool ID
skipping Rfam ID
skipping NHL.com ID
skipping EuroTour golf player ID
skipping databaseOlympics.com ID
skipping ARKive ID
skipping Online World of Wrestling ID
skipping Luding game ID
skipping CWGC person ID
skipping Australian Dictionary of Biography ID
skipping Spotify artist ID
skipping BALaT person/organisation id
skipping EAGLE id
skipping AGORHA work ID
skipping AGORHA event identifier
skipping Elonet movie ID
skipping KU Leuven person ID
skipping PhilPapers publication ID
skipping AGORHA person/institution ID
skipping Stuttgart Database of Scientific Illustrators ID
skipping NLP ID
skipping AllMovie artist ID
skipping ICD-10-PCS
skipping MoMA artwork id
skipping Hansard (1803–2005) ID
skipping Catalogus Professorum Academiae Groninganae id
skipping Cooper-Hewitt Person ID
skipping SkyscraperPage building id
skipping Facebook ID
skipping YerelNet village ID
skipping IDLH
skipping Mathematics Genealogy Project ID
skipping EU transparency register ID
skipping Estyn ID
skipping Netflix ID
skipping CERL ID
skipping National Library of Israel ID
skipping ResearcherID
skipping NLM Unique ID
skipping NDL bib ID
skipping ERA Journal ID
skipping RSL ID (person)
skipping OKATO ID
skipping DBNL author ID
skipping Internet Archive ID
skipping Europeana ID
skipping Legal Entity ID
skipping Norway Database for Statistics on Higher education publisher ID
skipping Norwegian Register journal ID
skipping CANTIC-ID
skipping ISFDB title ID
skipping Jufo ID
skipping Dictionnaire du Jura ID
skipping Plazi ID
skipping Encyclopedia of Life ID
skipping Thai cultural heritage ID
skipping IMSLP ID
skipping BioLib ID
skipping parliament.uk ID
skipping Skyscraper Center ID
skipping Swiss parliament ID
skipping EGAXA ID
skipping TBRC Resource ID
skipping ZINC ID
skipping DOCOMOMO Ibérico ID
skipping SAHRA heritage site ID
skipping KMDb documentary ID
skipping Shoftim BeIsrael judge ID
skipping CageMatch tag team ID
skipping Pleiades place type identifier
skipping Encyclopedia of Triangle Centers identifier
skipping INSPIRE-HEP author ID
skipping WHO international non-proprietary names ID
skipping Adult Film Database person ID
skipping musipedia tune ID
skipping National Recreation Trails Database ID
skipping Soccerway player ID
skipping ICF sprint canoer ID
skipping ICF slalom canoer ID
skipping AOC athlete ID
skipping LFP.fr player ID
skipping ESPN FC player ID
skipping ESPN NFL player ID
skipping ESPN NHL player ID
skipping DriverDB driver ID
skipping ESPN NBA player ID
skipping AZBilliards ID
skipping draftexpress.com ID
skipping Australian Government Organisations Register ID
skipping JapanTour golf player ID
skipping euroleague.net ID
skipping FootballDatabase.eu ID
skipping Fussballdaten.de ID
skipping NFL.com ID
skipping FIVB beach volleyball player ID
skipping Beach Volleyball Database ID
skipping Goratings ID
skipping World Sailing member ID
skipping Refseq Genome ID
skipping Florentine musea catalogue ID
skipping Ministry of Education of Chile school ID
skipping Cycling Archives ID (team)
skipping Cycling Archives ID (race)
skipping Dictionary of Art Historians ID
skipping SFDb company ID
skipping South Dakota legislator ID
skipping SFDb group ID
skipping SFDb soundtrack ID
skipping HAS member ID
skipping Cultural Heritage Kosovo ID
skipping KvK company ID
skipping NYT topic ID
skipping NE.se ID
skipping List of Lights id
skipping BVMC person ID
skipping Loop ID
skipping AniDB ID
skipping ASF KID Cave Tag Number
skipping LIPID MAPS ID
skipping HSDB ID
skipping NIAID ChemDB ID
skipping 3DMet ID
skipping Index Hepaticarum ID
skipping Fashion Model Directory brand ID
skipping Fashion Model Directory photographer ID
skipping NCES School ID
skipping NCES District ID
skipping SABR ID
skipping Elite Prospects player ID
skipping Find a Grave grave ID
skipping ATP ID
skipping Museofile
skipping NIEA building ID
skipping Patientplus ID
skipping PRDL Author ID
skipping Allcinema film ID
skipping BugGuide ID
skipping Global Geoparks Network ID
skipping ComLaw ID
skipping elibrary.ru organisation ID
skipping Theatricalia person ID
skipping Theatricalia theatre ID
skipping Hall of Valor ID
skipping ZDB ID
skipping IDEO Job ID
skipping Catholic Hierarchy person ID
skipping Sycomore ID
skipping NCL ID
skipping NNDB people ID
skipping AlloCiné person ID
skipping AlloCiné series ID
skipping AlloCiné film ID
skipping Fossilworks ID
skipping Saskatchewan Register of Heritage Property ID
skipping Global Biodiversity Information Facility ID
skipping ČSFD film ID
skipping GeneReviews ID
skipping People Australia ID
skipping lostbridges.org ID
skipping ChemSpider ID
skipping PubChem CID
skipping DSM-IV
skipping KEGG ID
skipping ICPC 2 ID
skipping BnF ID
skipping BNE ID
skipping SourehCinema film ID
skipping Great Russian Encyclopedia Online ID
skipping InterPro ID
skipping Vlindernet ID
skipping petit-patrimoine.com ID
skipping Réserves naturelles de France ID
skipping World Waterfall Database ID
skipping CIViC variant ID
skipping wurvoc.org measure ID
skipping P-number
skipping HowLongToBeat ID
skipping LPGA Tour ID
skipping PGA Tour ID
skipping MathWorld identifier
skipping Sherdog ID
skipping Yandex.Music album ID
skipping Christie's work ID
skipping Artnet artist ID
skipping danskefilm silent film ID
skipping IWM memorial ID
skipping danskefilm film ID
skipping CiteSeerX ID
skipping BNA author ID
skipping Debrett's People of Today ID
skipping NGA artist id
skipping article ID
skipping LiveJournal ID
skipping GNS Unique Feature ID
skipping ProCyclingStats ID (race)
skipping ProCyclingStats ID (team)
skipping Queensland place ID
skipping Cave E-Cadastre ID
skipping ResearchGate institute ID
skipping Art UK artwork ID
skipping Tate artist identifier
skipping CDB Chemical ID
skipping Mémoire des hommes ID
skipping Australian Geological Provinces ID
skipping Bivouac.com pass ID
skipping Elle.fr person ID
skipping Evidence & Conclusion Ontology ID
skipping Parks.it ID
skipping FI WarSampo person ID
skipping BoF person ID
skipping USHMM Holocaust Encyclopedia ID
skipping Catalan Biographical Dictionary of Women ID
skipping PRONOM software identifier
skipping Radzima.org ID
skipping MTMT author ID
skipping OM institution ID
skipping Latvian cultural heritage register ID
skipping Latvian toponymic names database ID
skipping Latvian National Address Register ID
skipping Google Knowledge Graph identifier
skipping SOATO ID
skipping Russiancinema.ru film ID
skipping Encyclopædia Britannica Online ID
skipping HNI person/institution ID
skipping DVN ID
skipping CDLI ID
skipping NAVA ID
skipping ACMA Radiocommunications Licence ID
skipping Asset of Local Relevance ID
skipping Talouselämän vaikuttajat ID
skipping Models.com person ID
skipping Railways Archive event ID
skipping SPDX ID
skipping Librivox author ID
skipping Fauna Europaea ID
skipping BNC ID
skipping OpenPlaques plaque ID
skipping IAT diver ID
skipping Models.com client ID
skipping Danish listed buildings case ID
skipping KOATUU identifier
skipping ICTV virus ID
skipping Czech neighbourhood ID code
skipping PlantList-ID
skipping Helveticarchives ID
skipping Slovenska biografija ID
skipping Glad identifier
skipping Rotten Tomatoes ID
skipping g-factor
skipping Emporis building ID
skipping Structurae ID (structure)
skipping MusicBrainz area ID
skipping WoRMS-ID
skipping Sandbox-URL
skipping ESPNscrum player ID
skipping OpenCorporates ID
skipping Mouse Genome Informatics ID
skipping Google Books ID
skipping Nederlandse Molendatabase ID
skipping e-mail
skipping CiNii author ID
skipping EDb film ID
skipping Yle Areena ID
skipping Sratim ID
skipping WSJ topic ID
skipping elFilm person ID
skipping Saxon Academy of Sciences member ID
skipping Clergy of the Church of England database ID
skipping warheroes.ru ID
skipping Catalogus Professorum Rostochiensium ID
skipping WikiTree ID
skipping Google Play Store ID
skipping ACM Digital Library citation ID
skipping ACM Digital Library event ID
skipping Supermodels.nl ID
skipping catholic.ru ID
skipping Encyclopedia of Surfing ID
skipping World Surf League ID
skipping Leidse Hoogleraren ID
skipping ChEMBL ID
skipping Catalogus Professorum Academiae Rheno-Traiectinae ID
skipping OpenCritic ID
skipping Molenecho's ID
skipping Hollandsche Molen ID
skipping Bureau of Meteorology station ID
skipping Art Renewal Center ID
skipping HomoloGene ID
skipping Star Wars Databank ID
skipping Safsal player ID
skipping UK National Archives ID
skipping Dictionary of Sydney ID
skipping Flora of Israel plant ID
skipping AnimeCons.com ID
skipping Legacies of British Slave-ownership person ID
skipping Iranica ID
Number skipped: 1375
[u'SIC code', u'OKVED 1.1 code of the economic activity', u'OKVED 2 code of the economic activity', u'OKPD code of the good or service', u'International Standard Industrial Classification code Rev.4', u'desa code of Indonesia', u'Thailand central administrative unit code', u'International Standard Recording Code', u'State Water Register Code (Russia)', u'FIPS 5-2 (code for US states)', u'GeoNames feature code', u'country calling code', u'IPI base code', u'MCN code', u'GS1 country code', u'Code for China Reservoir Name', u'FIFA country code', u'UIC numerical country code', u'UNDP country code', u'MTR station code', u'China railway TMIS station code', u'UIC alphabetical country code', u'NATO code for grade', u'Japanese High School Code', u'ELSTAT geographical code', u'WWF ecoregion code', u'protected areas INPN Code', u'Romania LMI code', u'ClinicalTrials.gov Identifier', u'Basic Unit of Settlement code (Czech/Slovak)', u'JSTOR journal code', u'Consolidated code of the electronic catalog of libraries of Belarus', u'Italian cadastre code', u'BPS language code', u'Australian Wetlands Code', u'administrative code of Indonesia', u'Statistics Indonesia ethnicity code', u'Kiev street code', u'licence plate code', u'Paris city digital code', u'Classification of Instructional Programs code', u'National Drug Code', u'CRICOS Provider Code', u'Portuguese Job Code CPP-2010', u'UIC station code', u'Norway Import Service and Registration Authority periodical code', u'Norway Import Service and Registration Authority publisher code', u'WALS family code', u'WALS lect code', u'China administrative division code', u'ESR station code', u'Indonesian ethnicity code', u'mobile country code', u'mobile network code', u'OKPD2 code of the good or service', u'ABS ASCL code', u'Philippine Standard Geographic Code', u'IOC country code', u'code for weekend and holiday homes (Sweden)', u'source code repository'] 

[u'ROME Occupation Code (v3)', u'occupation', u'NOC Occupation Code', u'SBC-2010 occupation code', u'SBFI occupation code', u'KldB-2010 occupation code', u'CNO-11 occupation code', u'ISCO occupation code', u'field of this occupation'] 

[u'gross tonnage', u'total produced', u'losses', u'central government debt as a percent of GDP', u'net tonnage', u'net worth estimate', u'foreign direct investment net outflow', u'foreign direct investment net inflow', u'total assets', u'total revenue', u'total liabilities', u'budget', u'TEU', u'fiscal/tax revenue', u'net profit', u'total exports', u'total debt', u'cost', u'total valid votes', u'daily ridership', u'production statistics', u'total equity', u'total imports', u'total expenditure', u'total reserves'] 

[u'tourist office', u'general manager', u'executive producer', u'curator', u'party chief representative', u'LAU', u'promoted', u'executive body', u'organizer', u'box office', u'appointed by', u'position held', u'head of state', u'commander of', u'office held by head of the organisation', u'organisation directed from the office', u'director of photography', u'chief executive officer', u'director', u'chairperson', u'manager/director', u'structural engineer', u'chief operating officer', u'art director', u'corporate officer', u'charge', u'commissioned by', u'architect', u'office held by head of state', u'office contested', u'office held by head of government', u'head of government', u'board member'] 

[u'type of kinship', u'Uniform Type Identifier', u'radix', u'galaxy morphological type', u'media type', u'hymenium type', u'properties for this type', u'hymenium attachment', u'mushroom cap shape', u'edibility', u'mushroom ecological type', u'replaced synonym (for nom. nov.)', u'voice type', u'inflorescence', u'is pollinated by', u'is pollinator of', u'type locality', u'type of variable star', u'habitat', u'fossil found in this unit', u'compressor type', u'blood type', u'shape', u'version type', u'asteroid spectral type', u'species kept', u'Australasian Pollen and Spore Atlas Code'] 

[u'Eight Banner register', u'fleet or registration number', u'National Bridge Inventory Number', u'Iranian National Heritage registration number', u'port of registry', u'CAS Registry Number', u'Beilstein Registry Number', u'Federal Register Document Number', u'inventory number', u'National Archives Identifier', u'FundRef registry name'] 

[u'unveiled by', u'place of marriage', u'godparent', u'named after', u'place of birth', u'place of burial', u'named as', u'mother', u'spouse', u'place of death', u'father', u'sister city', u'birthday', u'bore', u'follower of', u'child', u'incarnation of', u'noble family', u'companion of', u'ancestral home', u'killed by', u'guest of honor', u'sibling', u'mascot', u'residence', u'commemorates', u'title', u'oath made by', u'mother house', u'noble title', u'asteroid family', u'worshipped by', u'feast day', u'official residence', u'domain of saint or deity', u'married name'] 

[u'territory claimed by', u'legal status (medicine)', u'compulsory education (maximum age)', u'compulsory education (minimum age)', u'World Health Organisation International Nonproprietary Name', u'religion', u'cultural properties of Belarus reference number', u'heritage status', u'NatureServe conservation status', u'authority', u'located in the administrative territorial entity', u'official religion', u'canonization status', u'country', u'represents organisation', u'KLfG Critical Dictionary of foreign contemporary literature', u'highest judicial authority', u'country of citizenship', u'chivalric order', u"bateau d'int\xe9r\xeat patrimonial", u'Polish cultural heritage register number', u'UNESCO Biosphere Reserve url', u'ethnic group', u'National Library of Ireland authority', u'World Heritage criteria (2005)', u'applies to territorial jurisdiction', u'freedom of panorama', u'culture', u'code Bien de Inter\xe9s Cultural', u'contains administrative territorial entity', u'intangible cultural heritage status', u'Catholic rite', u'NLC authorities', u'country of origin', u'IUCN conservation status', u'totem', u'NUKAT (WarsawU) authorities', u'exhibition history', u'indigenous to', u'Library of Congress Cultural Heritage Organizations', u'public holiday', u'UNESCO language status', u'Persons of Ancient Athens', u'Cultural heritage database in Sweden', u'religious order', u'legal form'] 

[u'destination point', u'coordinate of easternmost point', u'coordinate of westernmost point', u'coordinate of northernmost point', u'coordinate of southernmost point', u'phase point', u'points awarded', u'start point', u'points for', u'longitude of ascending node', u'position angle', u'sectional view', u'Lagrangian point', u'point of penalty', u'circle of', u'pole position', u'boiling point', u'melting point', u'decomposition point', u'deepest point', u'coordinates of the point of view', u'flash point', u'directions', u'has facet polytope', u'league points system', u'point in time', u'point group', u'has vertex figure', u'highest point', u'aerodrome reference point'] 

[u'MPAA film rating', u'FSK film rating', u'review score', u'filmography', u'JMK film rating', u'INCAA film rating', u'film poster', u'CNC film rating (Romania)', u'EIRIN film rating', u'CNC film rating (France)', u'has quality', u'score by', u'NMHH film rating', u'film script'] 

[u'length', u'maximum capacity', u'clearance', u'wingspan', u'speed', u'heat capacity', u'elevation above sea level', u'height', u'average shot length', u'thickness', u'clock speed', u'cruise speed', u'takeoff roll', u'focal length', u'FSB speed', u'speed limit', u'maximum size or capacity', u'maximum sustained winds', u'precipitation height', u'takeoff and landing capability', u'maximum gradient', u'maximum thrust', u'maximum glide ratio', u'time to altitude', u'focal height', u'maximum operating altitude'] 

[u'FIPS 6-4 (US counties)', u'FIPS 10-4 (countries and regions)', u'FIPS 55-3 (locations in the US)'] 

[u'CPU', u'MAME ROM', u'input device', u'software quality assurance', u'SourceForge project', u'platform', u'software engine', u'binding of software library', u'interleaves with', u'protocol', u'number of processor cores', u'proxy', u'developer', u'software version', u'GPU', u'depends on software', u'endianness', u'programmer', u'OS grid reference', u'sockets supported', u'GUI toolkit or framework'] 

[u'orbital inclination', u'orbital period', u'constellation', u'periapsis date', u'time of spacecraft orbit decay', u'orbits completed', u'orbit diagram', u'type of orbit', u'argument of periapsis', u'periapsis', u'apoapsis', u'orbital eccentricity'] 

[u'ionization energy', u"Mohs' hardness", u'electrical conductivity', u'autoignition temperature', u'fusion enthalpy', u'dynamic viscosity', u'flux', u'emissivity', u'solubility', u'solvent', u'standard enthalpy of formation', u'coolant', u'vapor pressure', u'kinematic viscosity', u'sublimation temperature', u'combustion enthalpy', u'enthalpy of vaporization', u'temperature', u'thermal conductivity', u'pressure'] 

[u'elector', u'eligible voters', u'nominee', u'electorate', u'electoral district', u'biography at the Landtag of Mecklenburg-Vorpommern', u'elected in', u'successful candidate', u'votes received', u'member of political party', u'candidacy in election', u'biography at the Bundestag of Germany', u'right to vote', u'ClinVar accession', u'nominated for', u'speaker', u'allegiance', u'candidate', u'parliamentary term', u'ballots cast', u'legislative body', u'signatory', u'officeholder'] 

[u'based on heuristic', u'score method', u'approximation algorithm', u'teaching method', u'solved by', u'discoverer or inventor', u'lithography', u'solves', u'discovery method', u'fabrication method', u'determination method'] 

[u'patron', u'patron saint', u'founded by', u'British Museum person-institution', u'Scottish Charity number', u'charity number (Isle of Man)', u'Northern Ireland charity number', u'donated by', u'dedicated to', u'prize money', u'Charity Commission no.', u'Fellow of the Royal Society'] 

[u'place of detention', u'NBN System Key', u'applies to part', u'conversion to standard unit', u'track gauge', u'Operational Requirement of the UK Air Ministry', u'military branch', u'fuel system', u'railway signalling system', u'statistical leader', u'wing configuration', u'public key fingerprint', u'United States Army and Air Force aircraft designation', u'base M\xe9moire reference', u'wheelchair accessibility', u'anatomical branch of', u'has anatomical branch', u'base', u'designated as terrorist by', u'union of', u'disjoint union of', u'military designation', u'first aid measures', u'EU Surface Water Body Code', u'time of spacecraft launch', u'operating system', u'diplomatic mission sent', u'maintained by', u'basic form of government', u'item operated', u'parent cell line', u'this zoological name is coordinate with', u'received signal type', u'German district key', u'fare zone', u'term length of office', u'German regional key', u'political alignment', u'parent peak', u'Transferred Account Data Interchange Group Code', u'twinning', u'astronaut mission', u'excluding', u'United States Armed Forces service number', u'objective of project or mission', u'permanent duplicated item', u'space launch vehicle', u'conversion to SI unit', u'European Case Law Identifier', u'wing area', u'Minor Planet Center observatory code', u'IMA Number, broad sense', u'time of spacecraft landing', u'parent astronomical body', u'child astronomical body', u'site of astronomical discovery', u'vehicle range', u'intended public', u'African Plant Database', u'main food source', u'NATO reporting name', u'guidance system', u'scheduled service destination', u'provisional designation', u'offers view on', u'statistical unit', u'does not have part', u'Fach', u'crystal system', u'space tug', u'carries scientific instrument', u'first flight', u'bug tracking system', u'Joint Electronics Type Designation Automated System designation', u'SCAR Composite Gazetteer', u'operations and procedures key (OPS)', u'Georgian national system of romanization', u'International Nuclear Event Scale', u'Scoville grade', u'service entry', u'instrument', u'type of electrification', u'writing system', u'United States Navy aircraft designation', u'Japanese military aircraft designation', u'package management system', u'GHS signal word', u'has part', u'BAG-code for Dutch locations', u'dual to', u'HGVS nomenclature', u'hazard on site', u'part of', u'autonomous system number'] 

[u'inhibitor of', u'presynaptic connection', u'activating neurotransmitter', u'postsynaptic connection', u'cleavage', u'stereoisomer of', u'electronegativity', u'agonist of', u'activator of', u'antisense inhibitor of', u'positive allosteric modulator of', u'negative allosteric modulator of', u'pKa', u'inverse of', u'isomeric SMILES', u'substrate of', u'molecule conformation'] 

[u'published in', u'translator', u'author of afterword', u'publisher', u'botanist author abbreviation', u'illustrator', u'pseudonym', u'creator', u'screenwriter', u'author', u'librettist', u'PhilPapers author', u'author citation (zoology)', u'editor', u'film editor', u'author of foreword'] 

[u'comment', u'PORT organization URL', u'IRC channel', u'Commons Institution page', u'Free Software Directory entry', u'website account on', u'Twitter hashtag', u'LinkedIn personal profile URL', u'streaming media URL', u'top-level internet domain', u'official blog', u'PhilPapers profile', u'Commons Creator page', u'page at hram.by', u'page at Belarus Globe website', u'page at website of Belarus Geocenter', u'Datahub page', u'user manual link', u'page at OSTIS Belarus Wiki', u'source website for the property', u'official website', u'retrieved'] 

[u'InChIKey', u'InChI'] 

[u'category of associated people', u'property usage tracking category', u'Commons maps category', u'category of people buried here', u'pregnancy category', u'category for recipients of this award', u"template's main topic", u"topic's main template", u'history of topic', u'category for films shot at this location', u"category's main topic", u'category for people who died here', u'geography of topic', u'category related to list', u"topic's main category", u'Commons category', u'category combines topics', u'IUCN protected areas category', u'PhilPapers topic', u'list related to category', u'cuisine', u'deletion association with', u'category for people born here', u'Category for pictures taken with camera'] 

[u'origin of the watercourse', u'watershed area', u'lakes on river', u'mouth of the watercourse', u'lake inflows', u'lake outflow', u'distance from river mouth', u'natural reservoir of', u'tributary', u'venous drainage', u'lymphatic drainage', u'arterial supply', u'EU River Basin District code', u'has natural reservoir', u'bodies of water basin category', u'discharge', u'overlies', u'water as percent of area', u'basin country'] 

[u'maximum quantity', u'measured by', u'compression ratio', u'minimum quantity', u'minimal lethal dose', u'incidence', u'partition coefficient water/octanol', u'upper flammable limit', u'minimum explosive concentration', u'standard molar entropy', u'cardinality of the group', u'lower flammable limit', u'lowest atmospheric pressure', u'short-term exposure limit', u'ceiling exposure limit', u'minimal lethal concentration', u'measured physical quantity', u'distribution', u'dataset distribution', u'maximum Strahler number', u'tier 1 capital ratio (CETI)', u'proportion', u'mass excess', u'parity', u'Gini coefficient', u'data size', u'block size', u'optimum viable temperature', u'maximum viable temperature', u'aspect ratio', u'cardinality of this set', u'maximum peak exposure limit', u'time-weighted average exposure limit', u'average space complexity', u'median lethal concentration', u'median lethal dose', u'average gradient', u'minimum viable temperature'] 

[u'cost of damage', u'occupant', u'floors above ground', u'type of unit for this property', u'property', u'imported from', u'used by', u'structure replaces', u'units used for this property', u'carries', u'handle', u'replaced by', u'replaces', u'units sold', u'people or cargo transported', u'main building contractor', u'enclosure', u'has facility', u'recovered by', u'structure replaced by', u'damaged', u'destroyed', u'floors below ground', u'uses', u'dissolved, abolished or demolished', u'used metre', u'uses property', u'ammunition', u'designed to carry', u'equivalent property', u'designed by', u'memory capacity', u'material used', u'vehicle normally used', u'use'] 

[u'Opensecrets Identifier', u'OmegaWiki Defined Meaning', u'Wikidata property example', u'namespace', u'Wikidata property example for properties', u'Wikidata time precision', u'numeric value', u'IETF language tag', u'GLAM Identifier', u'codomain', u'OpenStreetMap tag or key', u'NCBI Locus tag', u'RKDimages', u"topic's main Wikimedia portal", u'Wikimedia database name', u'category for value different from Wikidata', u'category for value not in Wikidata', u'deprecated in version', u'MediaWiki hooks used', u'Wikisource index page', u'Stack Exchange tag', u'RXNO Ontology', u'RDF URI template', u'Sandbox Monolingual text', u'Wikidata usage instructions', u'syntax clarification', u'Cycling Quotient url (mens team)', u"Wikimedia portal's main topic", u'Wikidata month number', u'Wikivoyage banner', u'Wikidata property', u'category for value same as Wikidata', u'corresponding template', u'foundational text'] 

[u'underlies', u'muscle insertion', u'muscle origin', u'semi-major axis', u'surface tension', u'ambitus', u'minimal incubation period in humans', u'relative', u'bite force quotient', u'maximal incubation period in humans', u'movement', u'power consumed', u'muscle action', u'sound power level', u'mass', u'inferred from', u'relative to', u'proper motion', u'fracturing', u'nighttime view', u'mode of inheritance', u'phase of matter', u'coincident with', u'temporal range start', u'event distance', u'continent', u'temporal range end', u'natural abundance', u'uncertainty corresponds to', u'explosive energy equivalent', u'superhuman feature or ability', u'light characteristic of a lighthouse', u'distance from Earth', u'decay mode', u'means of locomotion', u'manifestation of', u'side effect', u'topographic isolation', u'worst-case space complexity', u'best-case space complexity', u'topographic prominence', u'facet of', u'mean anomaly', u'relative position within image', u'gait', u'flattening'] 

[u'EUL editions', u'printed by', u'is recto of', u'is verso of', u'DNB editions', u'LIBRIS editions', u'BN (Argentine) editions', u'RSL editions', u'subtitle', u'Nickel-Strunz 9th edition (updated 2009)', u'Nickel-Strunz 10th (pending) edition', u'Dana 8th edition', u'edition or translation of', u'edition number', u'SUDOC editions', u'SWB editions'] 

[u'ISSN', u'Dialnet journal', u'DOI', u'CODEN', u'Terminologia Histologica', u'Terminologia Embryologica', u'Terminologia Anatomica 98'] 

[u'Snapchat username', u'domain', u'Skype username', u'website username', u'VKontakte username', u'Ameblo username', u'GitHub username', u'territory overlaps', u'Instagram username', u'Twitter username', u'Telegram username'] 

[u'academic degree', u'student of', u'conferred by', u'student', u'professorship', u'studied by', u'educated at', u'academic major', u'academic minor', u'doctoral thesis', u'studies', u'school of', u'rector', u'doctoral student', u'doctoral advisor'] 

[u'municipality code (Denmark)', u'TERYT municipality code', u'Swedish county code', u'INSEE canton code', u'Norwegian municipality number', u'German municipality key', u'INSEE countries and foreign territories code', u'INSEE arrondissement code', u'Swedish district code', u'Swedish county letter', u'INE municipality code', u'Swiss municipality code', u'Swedish minor urban area code', u'Swedish civil parish code/ATA code', u'Swedish urban area code', u'Church of Sweden parish code', u'Church of Sweden Pastoratskod', u'INSEE municipality code', u'Danish parish code', u'Indian census area code', u'INSEE department code', u'INSEE region code', u'Austrian municipality key', u'Brazilian municipality code', u'Riksdagen person-id', u'South African municipality code', u'CBS municipality code', u'Finnish municipality number', u'Swedish municipality code', u'Danish urban area code'] 

[u'wheelbase'] 

[u'Danish Bibliometric Research Indicator level', u'foods traditionally associated', u'constraint status', u'basic reproduction number', u'laws applied', u'property constraint', u'exception to constraint', u'contributing factor of', u'biological variant of', u'expected completeness', u'external subproperty', u'results', u'physically interacts with', u'regulates (molecular biology)', u'stepparent', u'Sandbox-Mathematical expression', u'defining formula', u'no-observed-adverse-effect level', u'lowest-observed-adverse-effect level', u'chemical structure', u'interaction', u'stability of property value', u'handedness', u'qualifier of property constraint', u'European Medicines Agency product number', u'develops from', u'acceptable daily intake', u'strand orientation', u'criterion used', u'significant drug interaction', u'source of energy', u'regulated by', u'FAO risk status', u'spatial reference system', u'measures', u'genetic association', u'balance of trade', u'quantitative metrical pattern', u'model', u'biosafety level', u'external superproperty', u'mirrors data from', u'RxNorm CUI', u'has contributing factor', u'GHS hazard statement', u'sexual orientation', u'main regulatory text', u'positive therapeutic predictor', u'negative therapeutic predictor', u'positive diagnostic predictor', u'negative diagnostic predictor', u'positive prognostic predictor', u'negative prognostic predictor', u'altered regulation leads to', u'decreased expression in', u'increased expression in', u'gene duplication association with', u'gene insertion association with', u'gene inversion association with', u'gene substitution association with', u'posttranslational modification association with', u'GHS precautionary statements', u'prevalence', u'target', u'significant environmental impact', u'standards body', u'has active ingredient', u'active ingredient in', u'life expectancy', u'global-warming potential', u'general formula', u'Danish Bibliometric Research Indicator (BFI) SNO/CNO', u'external data available at', u'chemical formula'] 

[u'ortholog', u'genome size', u'ploidy', u'chromosome'] 

[u'encoding', u'encodes', u'encoded by'] 

[u'normal respiratory rate', u'production rate', u'real gross domestic product growth rate', u'target interest rate', u'unemployment rate', u'consumption rate per capita', u'case fatality rate', u'heart rate', u'consumption rate', u'price', u'individual tax rate', u'inflation rate', u'rate of fire'] 

[u'locator map image', u'service ribbon image', u'astronomic symbol image', u'image', u'collage image', u'file extension', u'bathymetry image', u'writable file format', u'readable file format', u'file format', u'seal description', u'Gene Atlas Image', u'image of function', u'distribution map', u'commemorative plaque image', u'detail map', u'flag image', u'KML file', u'playing range image', u'seal image', u'logo image', u'Exif model', u'image of grave', u'plan image', u'Exif make', u'coat of arms image', u'Commons gallery', u'scanned file on Wikimedia Commons', u'taxon range map image'] 

[u'pathogen transmission process', u'genomic end', u'genomic assembly', u'parent(s) of this hybrid', u'genomic start', u'binding energy', u'molecular function', u'cell component', u'throughput', u'biological process', u'oxidation state', u'autologous cell line', u'Gram staining', u'vaccine for', u'seed dispersal'] 

[u'LIR', u'nickname', u'name shares origin with', u'original spelling', u'professional name (Japan)', u'Roman nomen gentilicium', u'anti-virus alias', u'short name', u'name day', u'place name sign', u'author name string', u'demonym', u'religious name', u'given name version for other gender', u'patronym or matronym', u'second surname in Spanish name', u'Roman agnomen', u'Roman cognomen', u'name in kana', u'name', u'PASE name', u'official name', u'posthumous name', u'Roman praenomen', u'family name', u'given name', u'place of origin (Switzerland)', u'birth name', u'floruit', u'affiliation', u'courtesy name', u'temple name'] 

[u'literal translation', u'language of work or name', u'original language of work', u'GOST 7.67 cyrillic', u'language', u'Wikimedia language code', u'native language', u'name in native language', u'official language', u'language regulatory body', u'ISAN', u'label in sign language', u'Revised Romanisation', u'script directionality', u'Revised Hepburn romanization', u'languages spoken, written or signed', u'language used', u'programming language'] 

[u'said to be the same as', u'stated in', u'has cause', u'content deliverer', u'relation', u'cause of death', u'described by source', u'valid in place', u'immediate cause of', u'significant person', u'end cause', u'NOR', u'has grammatical case', u'diplomatic relation', u'main subject', u'has tense', u'manner of death', u'issue', u'qualifies for event', u'addressee', u'cause of', u'instance of', u'section, verse, or paragraph', u'manner of', u'attributed to', u'forgery after', u'possible creator', u'cause of destruction', u'statement describes', u'conflict', u'quote', u'contributor(s) to the subject', u'admissible rule in', u'grammatical option indicates', u'sourcing circumstances', u'has grammatical mood', u'legal citation of this text', u'burial plot reference', u'disrupting agent for', u'stated as', u'source of material', u'significant event', u'has immediate cause', u'subject item of this property', u'statement supported by', u'statement disputed by', u'reason for deprecation', u'subject of the statement', u'opponent during disputation', u'investigated by', u'property proposal discussion', u'reply to', u'cites'] 

[u'plea', u'convicted of', u'plaintiff', u'judge', u'defendant', u'prosecutor'] 

[u'location of landing', u'relief location map', u'direction relative to location', u'anatomical location', u'location of formation', u'filming location', u'location map', u'coordinate location', u'headquarters location', u'terminus location', u'narrative location', u'work location', u'location of final assembly', u'location of discovery', u'location'] 

[u'ISO 639-5 code', u'ISO standard', u'ISO 15924 alpha-4 code', u'ISO 639-3 code', u'ISO 639-6 code', u'ISO 9:1995', u'ISO 4 abbreviation', u'ISO 3166-2 code', u'ISO 639-2 code', u'ISO 639-1 code', u'ISO 3166-3', u'ISO 15924 numeric code', u'ISO 9362 SWIFT/BIC code', u'ISO 4217 code', u'ISO 3166-1 alpha-3 code', u'UN/LOCODE', u'ISO 3166-1 numeric code', u'ISO 3166-1 alpha-2 code'] 

[u'legislated by', u'repeals', u'amended by', u'repealed by'] 

[u'singles record', u'Archives nationales producer record', u'record held', u'PhilPapers record', u'discography', u'native label', u'producer', u'recorded at', u'archives at', u'collection', u'doubles record', u'record label', u'record or record progression'] 

[u'FAA airport code', u'Minitel code', u'local dialing code', u'ARCHON code', u'SIPCA code', u'code', u'X-SAMPA Code', u'NIS/INS code', u'ICAO airport code', u'IATA airport code', u'Ethnologue.com code', u'M.49 code', u'KSH code', u'dantai code', u'Borden Code', u'EDRPOU code', u'SOC Code (2010)', u'Linguasphere code', u'Glottolog code', u'UNSPSC Code', u'Guthrie code', u'Parsons code', u'FANTOIR code', u'production code', u'Kemler code', u'GS1 Manufacturer code', u'UAI code', u'station code', u'NUTS code', u'Code of nomenclature', u'GSS code (2011)', u'UCI code', u'NAICS code', u'postal code', u'SIRUTA code', u'UBIGEO code', u'ATC code', u'EPPO Code', u'catalog code', u'AUSTLANG code', u'MeSH Code', u'\xdaSOP code', u'GOST 7.75-97 code', u'ITU letter code'] 

[u'country for sport', u'sport', u'Munzinger Sport number', u'sports discipline competed in', u'sport number', u'sports seasons of', u'professional or sports partner'] 

[u'competition class', u'spectral class', u'class', u'equivalent class', u'UN class', u'vessel', u'vessel class', u'has parts of the class', u'armament', u'subclass of'] 

[u'Statistics Denmarks classification of occupation (DISCO-08)', u'teams classification by time', u'teams classification by points', u'points classification', u'Standard Geographical Classification code', u'UN code classification', u'military casualty classification', u'stage classification', u'classification of cycling race', u'Chinese Library Classification', u'Universal Decimal Classification', u'Hornbostel-Sachs classification', u'Library of Congress Classification', u'ACM Classification Code (2012)', u'Regensburg Classification', u'social classification', u'Australian Classification', u'general classification of race participants', u'Dewey Decimal Classification', u'arXiv classification', u'Carnegie Classification of Institutions of Higher Education', u'Vox-ATypI classification', u'EC classification', u'K\xf6ppen climate classification'] 

[u'taxon author', u'taxon synonym', u'taxon name', u'ZooBank nomenclatural act', u'gender of a scientific name of a genus', u'taxonomic type', u'Rundata', u'ex taxon author', u'taxon rank', u'taxon common name', u'parent taxon', u'asteroid taxonomy', u'date of taxon name publication', u'nomenclatural status', u'this taxon is source of', u'natural product of taxon', u'found in taxon', u'applies to taxon', u'Smithsonian trinomial', u'WALS genus code', u'endemic to', u'incertae sedis'] 

[u'supercharger', u'valvetrain configuration', u'powerplant', u'undercarriage', u'engine configuration', u'torque'] 

[u'beam', u'wavelength', u'maximum frequency of audible sound', u'electric dipole moment', u'electric charge', u'electrical plug type', u'voltage', u'magnetic ordering', u'thermal design power', u'mains voltage', u'gyromagnetic ratio', u'transmitted signal type', u'angular resolution', u'minimum wavelength of electromagnetic sensitivity', u'minimum frequency of audible sound', u'frequency of event', u'astronomical filter', u'power output', u'spectral line', u'maximum wavelength of electromagnetic sensitivity', u'vibration', u'magnetic moment', u'speed of sound', u'frequency'] 

[u'central bank/issuer', u'opposite of', u'located in protected area', u'home port', u'distance along', u'operating area', u'next crossing upstream', u'enclave within', u'located on astronomical body', u'route map', u'highway system', u'connecting service', u'located next to body of water', u'located in time zone', u'located on street', u'adjacent station', u'route of administration', u'contains settlement', u'lighthouse range', u'crosses', u'shares border with', u'primary destinations', u'mount', u'perimeter', u'exclave of', u'coextensive with', u'separated from', u'next crossing downstream', u'satellite bus', u'located on terrain feature', u'via', u'terminus', u'connecting line', u'docking port', u'train depot', u'interchange station', u'officially opened by', u'place served by airport', u'adjacent building', u'area', u'central bank', u'volcano observatory', u'connects with', u'located at street address', u'port'] 

[u'archive URL', u'URL', u'AlgaeBase URL', u'GRIN URL', u'embed URL template', u'LPSN URL', u'LCOC LCCN (bibliographic)', u'formatter URL', u'feed URL', u'described at URL', u'third-party formatter URL', u'reference URL'] 

[u'PubMed Health', u'disease burden', u'symptoms', u'medical treatment', u'medical examinations', u'afflicts', u'drug used for treatment', u'medical condition treated', u'stroke', u'neurological function', u'patient of', u'DiseasesDB', u'medical specialty', u'medical condition', u'eMedicine'] 

[u'female population', u'age of onset', u'marriageable age', u'retirement age', u'sex or gender', u'minimum age', u'male population', u'age of majority', u'stated age at event', u'age of consent', u'age of candidacy'] 

[u'innervated by', u'innervates'] 

[u'basionym', u'Catalogus Professorum Halensis'] 

[u'depositor', u'medicine marketing authorization', u'acquisition transaction', u'departure transaction', u'approved by', u'owner of', u'operator', u'stock exchange', u'IRS Employer Identification Number', u'owned by', u'market capitalization', u'distributor', u'launch contractor', u'base salary', u'cash', u'product certification', u'parent organization', u'currency', u'employer', u'payment types accepted', u'fee', u'subsidiary', u'manufacturer', u'employees', u'business division', u'issued by', u'investor', u'brand', u'online service', u'money supply', u'employment by economic sector', u'Digital Rights Management system', u'industry', u'service retirement', u'partnership with', u'partner', u'sponsor', u'license', u'production company'] 

[u'instrumentation', u'soundtrack album', u'genre', u'video', u'musical conductor', u'choreographer', u'tracklist', u'tonality', u'composer', u'anthem', u'theme music', u'has melody', u'sheet music', u'lyrics by'] 

[u'first performance', u'recording or performance of', u'performer', u'worst-case performance', u'best-case performance', u'average performance'] 

[u'Bekker Number', u'patent number', u'atomic number', u'number of injured', u'OCLC control number', u'number of cylinders', u'number of masts', u'number of participants', u'number of children', u'CELEX number', u'pennant number', u'RTECS number', u'number of victims made by killer', u'NSC number', u'number of deaths', u'number of awards', u'spin quantum number', u'number of points/goals conceded', u'number of points/goals/set scored', u'number of wins', u'number of registered users/contributors', u'emergency phone number', u'CosIng number', u'number of seasons', u'Monte Carlo Particle Number', u'EE breed number', u'Basisregistratie Instellingen number', u'reserve number (Canada)', u'Gmelin number', u'Euring number', u'CNC authorization number', u'exploitation visa number', u'Australian Company Number', u'Australian Business Number', u'SEED number', u'SIREN number', u'neutron number', u'UN number', u'number of missing', u'EU VAT number', u'number of episodes', u'number of survivors', u'Australian Registered Scheme Number', u'Australian Registered Body Number', u'number of cases', u'EC number', u'ABoK number', u'flight number', u'Admiralty number', u'ISO 4063 process number', u'draft pick number', u'number of out of school children', u'Erd\u0151s number', u'Lattes Platform number', u'serial number', u'IPI name number', u'Roud Folk Song Index number', u'road number', u'E number', u'number of seats', u'number probable', u'number suspected', u'charted in', u'SIRET number', u'number of representatives in an organization/legislature', u'PCP reference number', u'Belgian Enterprise number', u'number of graves', u'Pok\xe9dex number', u'number of casualties', u'Executive Order number', u'number of subscribers', u'number of works', u'fax number', u'phone number', u'maximum number of players', u'minimum number of players', u'Name Assigning Authority Number', u'CVR number', u'number of elevators', u'yard number', u'number of speakers', u'Norwegian organization number', u'Corporate Number (Japan)', u'Pok\xe9mon browser number', u'RA\xc4 number', u'number of spans', u'number confirmed', u'route number', u'IMO ship number', u'ZVG number', u'street number', u'number of pages', u'number of platform tracks', u'band number'] 

[u'isospin quantum number', u'has superpartner', u'superpartner of', u'decays to', u'antiparticle', u'isospin z-component'] 

[u'Dizionario Biografico degli Italiani'] 

[u'IPA transcription', u'transliteration', u'has dialect', u'Hungarian-style transcription', u'pronunciation audio', u'McCune-Reischauer romanization', u'audio', u'has phoneme', u'pinyin transliteration', u"audio recording of the subject's spoken voice", u'spoken text audio'] 

[u'Magdeburger Biographisches Lexikon', u'KDG Komponisten der Gegenwart', u'KLG Kritisches Lexikon der Gegenwartsliteratur', u'S\xe4chsische Biografie'] 

[u'ecoregion (WWF)'] 

[u'Dictionary of Medieval Names from European Sources entry', u'list of characters', u'NRHP reference number', u'Agassiz checklist number', u'Bradley and Fletcher checklist number', u'has list', u'New Zealand Heritage List number', u'list of episodes', u'Linguist list code', u'Dictionary of Swedish National Biography', u'Dictionary of New Zealand Biography', u'list of monuments', u'National Heritage List for England number', u'appears in the heritage monument list', u'Oxford Biography Index Number', u'list of works', u'is a list of'] 

[u'ISIN'] 

[u'maximum date', u'minimum date', u'oath of office date', u'production date', u'date of official opening', u'date of disappearance', u'date of baptism in early childhood', u'date of death', u'archive date', u'date of birth', u'publication date', u'spacecraft docking/undocking date', u'date depicted', u'discontinued date', u'earliest date', u'latest date'] 

[u'RefSeq'] 

[u'parallax', u'scale', u'moment magnitude scale', u'luminous intensity', u'Richter magnitude scale', u'absolute magnitude', u'apparent magnitude', u'aftershocks', u'Mercalli intensity scale'] 

[u'cathedral', u'diocese', u'consecrator'] 

[u'DOI Prefix', u'honorific prefix', u'honorific suffix', u'IPv4 routing prefix', u'trunk prefix', u'connector', u'IPv6 routing prefix'] 

[u'antagonist of', u'blocker of', u'antagonist muscle'] 

[u'ADS bibcode', u'bibcode'] 

[u'league level below', u'relegated', u'league', u'league level above'] 

[u'Alexa rank', u'participant of', u'dan/kyu rank', u'ranking', u'military rank', u'next lower rank', u'next higher rank', u'IMA status and/or rank', u'participant', u'NSDAP membership number (1925\u20131945)', u'attendance', u'membership', u'FIFA World Ranking', u'students count', u'lowest note', u'highest note'] 

[u'hair color', u'color', u'sRGB color hex triplet', u'streak color', u'eye color', u'width', u'spore print color', u'decay width', u'color space', u'flower color', u'color index'] 

[u'capital of', u'capital'] 

[u'UNII'] 

[u'homoglyph', u'element symbol', u'ticker symbol', u'typeface/font', u'official symbol', u'Schl\xe4fli symbol', u'Hermann-Mauguin notation', u'pendant of', u'quantity symbol', u'Z39.5 abbreviation', u'coat of arms', u'graphic symbol of thoroughfare', u'UN document symbol', u'monogram', u'motto', u'MGI Gene Symbol', u'notation', u'HGNC gene symbol', u'flag', u'currency symbol description', u'motto text', u'icon', u'depicts Iconclass notation', u'unit symbol', u'inscription', u'Iconclass notation', u'flag bearer'] 

[u'CALIS'] 

[u'has index case', u'Human Development Index', u'stock market index', u'GRAU index', u'Aarne\u2013Thompson\u2013Uther Tale Type Index', u'index case of', u'Perry Index', u'Merck Index monograph', u'volcanic explosivity index', u'refractive index'] 

[u'ATCvet', u'IATA airline designator', u'EC no.', u'ICAO airline designator', u'aircraft registration', u'aircraft registration prefix', u'airline hub', u'airline alliance', u'Aviation Safety Network Wikibase Occurrence', u'callsign of airline', u'USDA NDB number', u'MMSI', u'SCN', u'avionics', u'NFPA Other', u'ITIS TSN', u'CN', u'timezone offset', u'NFPA Health', u'NFPA Fire', u'NFPA Reactivity', u'runway'] 

[u'redshift', u'angular distance', u'radial velocity', u'metallicity', u'explosive velocity', u'diameter', u'luminosity', u'radius'] 

[u'BMLO', u'Dodis', u'BNCF Thesaurus', u'NDL JPNO', u'Biografisch Portaal number', u'Inventario Sculture - Polo Museale Fiorentino', u'Prosopographia Attica', u'geo datum', u'corrigendum / erratum', u'Bluebook abbreviation', u'Sikart', u'WIPO ST.3', u'AcademiaNet', u'RISS catalog', u'Munzinger IBA', u'code Inventari del Patrimoni Arquitect\xf2nic de Catalunya', u'UMLS CUI', u'Biblioteca Nacional de Chile catalogue number', u'Dialnet article', u'ISNI', u'Dialnet book', u'SELIBR', u'Kirshenbaum', u'catalog', u'ISWC', u'ISMN', u'Nupill Literatura Digital - Author', u'Nupill Literatura Digital - Document', u'IHO Hydrographic Dictionary (S-32) Number', u'ARICNS', u'SUDOC authorities', u'ISBN publisher prefix', u'DfE URN'] 

[u'from fictional universe', u'storyboard artist', u'takes place in fictional universe', u'costume designer', u'narrator', u'depicted by', u'series', u'sidekick of', u'stipe character', u'Unicode character', u'fictional universe described in', u'character role', u'voice actor', u'fictional analog of', u'depicts', u'characters', u'has role'] 

[u'Gentoo package', u'Ubuntu 16.10 package', u'Fedora package', u'Arch package', u'F-Droid package', u'Debian stable package'] 

[u'Kijkwijzer rating', u'Elo rating', u'ICAA rating', u'GSRR rating', u'USK rating', u'PEGI rating', u'BBFC rating', u'ClassInd rating', u'Filmiroda rating', u'RARS rating', u'CERO rating', u'ESRB rating'] 

[u'number of households', u'population', u'density', u'household wealth', u'nominal GDP per capita', u'source of income', u'operating income', u'PPP GDP per capita', u'lowest income threshold', u'median income', u'nominal GDP', u'highest income threshold', u'income classification (Philippines)'] 

[u'number of parts of a work of art', u'crystal habit', u'original film format', u'stage reached', u'format as a regular expression', u'different from', u'time of earliest written record', u'call sign', u'time in space', u'see also', u'M sin i', u'TeX string', u'including', u'instruction set', u'together with', u'produced by', u'input set', u'game mode', u'collection or exhibition size', u'has pet', u'shown with features', u'chapter', u'working title', u'female form of label', u'home world', u'canonical SMILES', u'exact match', u'pseudo crystal habit', u'driving side', u'lifestyle', u'visitors per year', u'removed feature', u'introduced feature', u'shooting handedness', u'personal best', u'home venue', u'series ordinal', u'playing hand', u'Artsy gene', u'media legend', u'space group', u'signature', u'field of work', u'present in work', u'last line', u'in work', u'production designer', u'workshop of', u'tempo marking', u'group by', u'practiced by', u'bowling style', u'street key', u'Research Papers in Economics Series handle', u'award received', u'follows', u'mean lifetime', u'game artist', u'time of discovery', u'inception', u'notable work', u'UN packaging group', u'followed by', u'first line', u'beats per minute', u'direction', u'based on', u'architectural style', u'time gap', u'distinctive jersey', u'PO Box', u'time signature', u'cover artist', u'influenced by', u'original combination', u'residence time of water', u'solid solution series with', u'interested in', u'after a work by', u'product or material produced', u'torch lit by', u'reporting mark', u'exemplar of', u'par', u'for work', u'inspired by', u'original network', u'proved by', u'minor planet group', u'wheel arrangement', u'full work available at', u'male form of label', u'mouthpiece', u'generation time', u'race time', u'place of publication'] 

[u'volume', u'volume as quantity', u'quantity', u'molar volume', u'alcohol by volume', u'quantity buried'] 

[u'licensed to broadcast to', u'radio format', u'broadcast by', u'host', u'presenter'] 

[u'draft', u'debut participant', u'Swiss Football Association Club Number', u'member of', u'drafted by', u'backup or reserve team or crew', u'referee', u'mandatory qualifier', u'number of matches played', u'position played on team / speciality', u'points/goal scored by', u'winner', u'match time of event', u'victory', u'film crew member', u'national team caps', u'surface played on', u'cast member', u'member of sports team', u'crew member', u'title of chess player', u'size of team at start', u'size of team at finish', u'participating teams', u'captain', u'penalty', u'defender', u'represented by', u'parent club', u'member of the deme', u'head coach', u'BCU Ecrivainsvd'] 

[u'duration', u'open days', u'start time', u'publication interval', u'rotation period', u'Saros cycle of eclipse', u'gestation period', u'day of week', u'end time', u'valid in period', u'closed on', u'open period from', u'set in period', u'period', u'day in year for periodic occurrence', u'month of the year', u'work period (end)', u'work period (start)', u'longest span', u'end period', u'start period', u'open period to'] 

